funSDKDemo/build/outputs/logs/manifest-merger-debug-report.txt
-- Merging decision tree log ---
manifest
ADDED from src\main\AndroidManifest.xml:2:1-371:12
	package
		ADDED from src\main\AndroidManifest.xml:3:5-37
		INJECTED from src\main\AndroidManifest.xml
		INJECTED from src\main\AndroidManifest.xml
	android:versionName
		ADDED from src\main\AndroidManifest.xml:5:5-32
		INJECTED from src\main\AndroidManifest.xml
		INJECTED from src\main\AndroidManifest.xml
	android:versionCode
		ADDED from src\main\AndroidManifest.xml:4:5-30
		INJECTED from src\main\AndroidManifest.xml
		INJECTED from src\main\AndroidManifest.xml
	xmlns:android
		ADDED from src\main\AndroidManifest.xml:2:11-69
uses-sdk
ADDED from src\main\AndroidManifest.xml:7:5-9:41
MERGED from [com.android.support:support-v4:21.0.3] AndroidManifest.xml:15:5-42
	android:targetSdkVersion
		ADDED from src\main\AndroidManifest.xml:9:9-38
		INJECTED from src\main\AndroidManifest.xml
		INJECTED from src\main\AndroidManifest.xml
	android:minSdkVersion
		ADDED from src\main\AndroidManifest.xml:8:9-35
		INJECTED from src\main\AndroidManifest.xml
		INJECTED from src\main\AndroidManifest.xml
uses-permission#android.permission.INTERNET
ADDED from src\main\AndroidManifest.xml:12:5-67
	android:name
		ADDED from src\main\AndroidManifest.xml:12:22-64
uses-permission#android.permission.RESTART_PACKAGES
ADDED from src\main\AndroidManifest.xml:13:5-75
	android:name
		ADDED from src\main\AndroidManifest.xml:13:22-72
uses-permission#android.permission.CAMERA
ADDED from src\main\AndroidManifest.xml:14:5-65
	android:name
		ADDED from src\main\AndroidManifest.xml:14:22-62
uses-permission#android.permission.RECORD_VIDEO
ADDED from src\main\AndroidManifest.xml:15:5-71
	android:name
		ADDED from src\main\AndroidManifest.xml:15:22-68
uses-permission#android.permission.RECORD_AUDIO
ADDED from src\main\AndroidManifest.xml:16:5-71
	android:name
		ADDED from src\main\AndroidManifest.xml:16:22-68
uses-permission#android.permission.WAKE_LOCK
ADDED from src\main\AndroidManifest.xml:17:5-68
	android:name
		ADDED from src\main\AndroidManifest.xml:17:22-65
uses-permission#android.permission.GET_TASKS
ADDED from src\main\AndroidManifest.xml:18:5-68
	android:name
		ADDED from src\main\AndroidManifest.xml:18:22-65
uses-permission#android.permission.CHANGE_CONFIGURATION
ADDED from src\main\AndroidManifest.xml:19:5-79
	android:name
		ADDED from src\main\AndroidManifest.xml:19:22-76
uses-permission#android.permission.ACCESS_NETWORK_STATE
ADDED from src\main\AndroidManifest.xml:21:5-79
	android:name
		ADDED from src\main\AndroidManifest.xml:21:22-76
uses-permission#android.permission.CHANGE_NETWORK_STATE
ADDED from src\main\AndroidManifest.xml:22:5-79
	android:name
		ADDED from src\main\AndroidManifest.xml:22:22-76
uses-permission#android.permission.READ_PHONE_STATE
ADDED from src\main\AndroidManifest.xml:23:5-75
	android:name
		ADDED from src\main\AndroidManifest.xml:23:22-72
uses-permission#android.permission.READ_LOGS
ADDED from src\main\AndroidManifest.xml:25:5-68
	android:name
		ADDED from src\main\AndroidManifest.xml:25:22-65
uses-feature#android.hardware.camera
ADDED from src\main\AndroidManifest.xml:26:5-60
	android:name
		ADDED from src\main\AndroidManifest.xml:26:19-57
uses-feature#android.hardware.camera.autofocus
ADDED from src\main\AndroidManifest.xml:27:5-70
	android:name
		ADDED from src\main\AndroidManifest.xml:27:19-67
uses-permission#android.permission.VIBRATE
ADDED from src\main\AndroidManifest.xml:28:5-66
	android:name
		ADDED from src\main\AndroidManifest.xml:28:22-63
uses-permission#android.permission.FLASHLIGHT
ADDED from src\main\AndroidManifest.xml:29:5-69
	android:name
		ADDED from src\main\AndroidManifest.xml:29:22-66
uses-permission#android.permission.MODIFY_AUDIO_SETTINGS
ADDED from src\main\AndroidManifest.xml:30:5-80
	android:name
		ADDED from src\main\AndroidManifest.xml:30:22-77
uses-permission#android.permission.SYSTEM_ALERT_WINDOW
ADDED from src\main\AndroidManifest.xml:31:5-78
	android:name
		ADDED from src\main\AndroidManifest.xml:31:22-75
uses-permission#android.permission.ACCESS_WIFI_STATE
ADDED from src\main\AndroidManifest.xml:32:5-76
	android:name
		ADDED from src\main\AndroidManifest.xml:32:22-73
uses-permission#android.permission.CHANGE_WIFI_STATE
ADDED from src\main\AndroidManifest.xml:33:5-76
	android:name
		ADDED from src\main\AndroidManifest.xml:33:22-73
uses-permission#android.permission.WRITE_SETTINGS
ADDED from src\main\AndroidManifest.xml:34:5-73
	android:name
		ADDED from src\main\AndroidManifest.xml:34:22-70
uses-permission#android.permission.ACCESS_FINE_LOCATION
ADDED from src\main\AndroidManifest.xml:35:5-79
	android:name
		ADDED from src\main\AndroidManifest.xml:35:22-76
uses-permission#android.permission.WRITE_EXTERNAL_STORAGE
ADDED from src\main\AndroidManifest.xml:37:5-81
	android:name
		ADDED from src\main\AndroidManifest.xml:37:22-78
uses-permission#android.permission.MOUNT_UNMOUNT_FILESYSTEMS
ADDED from src\main\AndroidManifest.xml:38:5-84
	android:name
		ADDED from src\main\AndroidManifest.xml:38:22-81
application
ADDED from src\main\AndroidManifest.xml:40:5-369:19
MERGED from [com.android.support:support-v4:21.0.3] AndroidManifest.xml:16:5-19
	android:label
		ADDED from src\main\AndroidManifest.xml:44:9-41
	android:allowBackup
		ADDED from src\main\AndroidManifest.xml:42:9-35
	android:icon
		ADDED from src\main\AndroidManifest.xml:43:9-42
	android:theme
		ADDED from src\main\AndroidManifest.xml:45:9-40
	android:name
		ADDED from src\main\AndroidManifest.xml:41:9-60
activity#com.example.funsdkdemo.ActivityStartup
ADDED from src\main\AndroidManifest.xml:46:9-55:20
	android:screenOrientation
		ADDED from src\main\AndroidManifest.xml:48:13-49
	android:label
		ADDED from src\main\AndroidManifest.xml:49:13-45
	android:name
		ADDED from src\main\AndroidManifest.xml:47:13-66
intent-filter#android.intent.action.MAIN+android.intent.category.LAUNCHER
ADDED from src\main\AndroidManifest.xml:50:13-54:29
action#android.intent.action.MAIN
ADDED from src\main\AndroidManifest.xml:51:17-69
	android:name
		ADDED from src\main\AndroidManifest.xml:51:25-66
category#android.intent.category.LAUNCHER
ADDED from src\main\AndroidManifest.xml:53:17-77
	android:name
		ADDED from src\main\AndroidManifest.xml:53:27-74
activity#com.example.funsdkdemo.ActivityGuideMain
ADDED from src\main\AndroidManifest.xml:56:9-63:20
	android:screenOrientation
		ADDED from src\main\AndroidManifest.xml:58:13-49
	android:name
		ADDED from src\main\AndroidManifest.xml:57:13-68
intent-filter#android.intent.action.MAIN
ADDED from src\main\AndroidManifest.xml:60:13-62:29
activity#com.example.funsdkdemo.ActivityGuideUser
ADDED from src\main\AndroidManifest.xml:64:9-70:20
	android:name
		ADDED from src\main\AndroidManifest.xml:65:13-68
activity#com.example.funsdkdemo.ActivityGuideUserLogin
ADDED from src\main\AndroidManifest.xml:71:9-77:20
	android:name
		ADDED from src\main\AndroidManifest.xml:72:13-73
activity#com.example.funsdkdemo.ActivityGuideUserRegister
ADDED from src\main\AndroidManifest.xml:78:9-84:20
	android:name
		ADDED from src\main\AndroidManifest.xml:79:13-76
activity#com.example.funsdkdemo.ActivityGuideUserChangePassw
ADDED from src\main\AndroidManifest.xml:85:9-91:20
	android:name
		ADDED from src\main\AndroidManifest.xml:86:13-79
activity#com.example.funsdkdemo.ActivityGuideUserDebug
ADDED from src\main\AndroidManifest.xml:92:9-98:20
	android:name
		ADDED from src\main\AndroidManifest.xml:93:13-73
activity#com.example.funsdkdemo.ActivityGuideDevice
ADDED from src\main\AndroidManifest.xml:99:9-106:20
	android:screenOrientation
		ADDED from src\main\AndroidManifest.xml:101:13-49
	android:name
		ADDED from src\main\AndroidManifest.xml:100:13-70
activity#com.example.funsdkdemo.ActivityGuideDeviceList
ADDED from src\main\AndroidManifest.xml:107:9-114:20
	android:screenOrientation
		ADDED from src\main\AndroidManifest.xml:109:13-49
	android:name
		ADDED from src\main\AndroidManifest.xml:108:13-74
activity#com.example.funsdkdemo.ActivityGuideDeviceListAP
ADDED from src\main\AndroidManifest.xml:115:9-122:20
	android:screenOrientation
		ADDED from src\main\AndroidManifest.xml:117:13-49
	android:name
		ADDED from src\main\AndroidManifest.xml:116:13-76
activity#com.example.funsdkdemo.ActivityGuideDeviceListLan
ADDED from src\main\AndroidManifest.xml:123:9-130:20
	android:screenOrientation
		ADDED from src\main\AndroidManifest.xml:125:13-49
	android:name
		ADDED from src\main\AndroidManifest.xml:124:13-77
activity#com.example.funsdkdemo.ActivityGuideDeviceSNLogin
ADDED from src\main\AndroidManifest.xml:131:9-138:20
	android:screenOrientation
		ADDED from src\main\AndroidManifest.xml:133:13-49
	android:name
		ADDED from src\main\AndroidManifest.xml:132:13-77
activity#com.example.funsdkdemo.ActivityGuideDeviceAddByUser
ADDED from src\main\AndroidManifest.xml:139:9-147:20
	android:screenOrientation
		ADDED from src\main\AndroidManifest.xml:141:13-49
	android:windowSoftInputMode
		ADDED from src\main\AndroidManifest.xml:142:13-72
	android:name
		ADDED from src\main\AndroidManifest.xml:140:13-79
activity#com.example.funsdkdemo.ActivityGuideDeviceWifiConfig
ADDED from src\main\AndroidManifest.xml:148:9-155:20
	android:screenOrientation
		ADDED from src\main\AndroidManifest.xml:150:13-49
	android:name
		ADDED from src\main\AndroidManifest.xml:149:13-80
activity#com.example.funsdkdemo.devices.ActivityGuideDeviceCamera
ADDED from src\main\AndroidManifest.xml:156:9-163:20
	android:configChanges
		ADDED from src\main\AndroidManifest.xml:158:13-96
	android:name
		ADDED from src\main\AndroidManifest.xml:157:13-84
activity#com.example.funsdkdemo.devices.ActivityGuideDeviceSocket
ADDED from src\main\AndroidManifest.xml:164:9-171:20
	android:screenOrientation
		ADDED from src\main\AndroidManifest.xml:166:13-49
	android:name
		ADDED from src\main\AndroidManifest.xml:165:13-84
activity#com.example.funsdkdemo.devices.ActivityGuideDeviceBulb
ADDED from src\main\AndroidManifest.xml:172:9-179:20
	android:screenOrientation
		ADDED from src\main\AndroidManifest.xml:174:13-49
	android:name
		ADDED from src\main\AndroidManifest.xml:173:13-82
activity#com.example.funsdkdemo.devices.ActivityGuideDevicePictureList
ADDED from src\main\AndroidManifest.xml:180:9-187:20
	android:screenOrientation
		ADDED from src\main\AndroidManifest.xml:182:13-49
	android:name
		ADDED from src\main\AndroidManifest.xml:181:13-89
activity#com.example.funsdkdemo.devices.ActivityGuideDeviceAlarmResult
ADDED from src\main\AndroidManifest.xml:188:9-195:20
	android:screenOrientation
		ADDED from src\main\AndroidManifest.xml:190:13-49
	android:name
		ADDED from src\main\AndroidManifest.xml:189:13-89
activity#com.example.funsdkdemo.devices.ActivityGuideDeviceSetupEncode
ADDED from src\main\AndroidManifest.xml:196:9-203:20
	android:screenOrientation
		ADDED from src\main\AndroidManifest.xml:198:13-49
	android:name
		ADDED from src\main\AndroidManifest.xml:197:13-89
activity#com.example.funsdkdemo.devices.ActivityGuideDeviceSetupAlarm
ADDED from src\main\AndroidManifest.xml:204:9-211:20
	android:screenOrientation
		ADDED from src\main\AndroidManifest.xml:206:13-49
	android:name
		ADDED from src\main\AndroidManifest.xml:205:13-88
activity#com.example.funsdkdemo.devices.ActivityGuideDeviceSetupRecord
ADDED from src\main\AndroidManifest.xml:212:9-219:20
	android:screenOrientation
		ADDED from src\main\AndroidManifest.xml:214:13-49
	android:name
		ADDED from src\main\AndroidManifest.xml:213:13-89
activity#com.example.funsdkdemo.devices.ActivityGuideDeviceSetupCamera
ADDED from src\main\AndroidManifest.xml:220:9-228:20
	android:screenOrientation
		ADDED from src\main\AndroidManifest.xml:222:13-49
	android:windowSoftInputMode
		ADDED from src\main\AndroidManifest.xml:223:13-72
	android:name
		ADDED from src\main\AndroidManifest.xml:221:13-89
activity#com.example.funsdkdemo.devices.ActivityGuideDeviceSetupExpert
ADDED from src\main\AndroidManifest.xml:229:10-236:20
	android:screenOrientation
		ADDED from src\main\AndroidManifest.xml:231:13-49
	android:name
		ADDED from src\main\AndroidManifest.xml:230:13-89
activity#com.example.funsdkdemo.devices.ActivityGuideDeviceSetupStorage
ADDED from src\main\AndroidManifest.xml:237:9-244:20
	android:screenOrientation
		ADDED from src\main\AndroidManifest.xml:239:13-49
	android:name
		ADDED from src\main\AndroidManifest.xml:238:13-90
activity#com.example.funsdkdemo.devices.ActivityGuideDeviceChangePassw
ADDED from src\main\AndroidManifest.xml:245:9-253:20
	android:screenOrientation
		ADDED from src\main\AndroidManifest.xml:247:13-49
	android:windowSoftInputMode
		ADDED from src\main\AndroidManifest.xml:248:13-72
	android:name
		ADDED from src\main\AndroidManifest.xml:246:13-89
activity#com.example.funsdkdemo.devices.ActivityGuideDeviceTransCom
ADDED from src\main\AndroidManifest.xml:254:9-262:20
	android:screenOrientation
		ADDED from src\main\AndroidManifest.xml:256:13-49
	android:windowSoftInputMode
		ADDED from src\main\AndroidManifest.xml:257:13-72
	android:name
		ADDED from src\main\AndroidManifest.xml:255:13-86
activity#com.example.funsdkdemo.devices.ActivityGuideDeviceLanAlarm
ADDED from src\main\AndroidManifest.xml:263:9-271:20
	android:screenOrientation
		ADDED from src\main\AndroidManifest.xml:265:13-49
	android:windowSoftInputMode
		ADDED from src\main\AndroidManifest.xml:266:13-72
	android:name
		ADDED from src\main\AndroidManifest.xml:264:13-86
activity#com.example.funsdkdemo.devices.ActivityGuideDeviceSetup
ADDED from src\main\AndroidManifest.xml:272:9-279:20
	android:screenOrientation
		ADDED from src\main\AndroidManifest.xml:274:13-49
	android:name
		ADDED from src\main\AndroidManifest.xml:273:13-83
activity#com.example.funsdkdemo.devices.ActivityGuideDevicePreview
ADDED from src\main\AndroidManifest.xml:280:9-287:20
	android:screenOrientation
		ADDED from src\main\AndroidManifest.xml:282:13-49
	android:name
		ADDED from src\main\AndroidManifest.xml:281:13-85
activity#com.example.funsdkdemo.devices.ActivityGuideDeviceSetupAlarmCenter
ADDED from src\main\AndroidManifest.xml:288:10-295:20
	android:screenOrientation
		ADDED from src\main\AndroidManifest.xml:290:13-49
	android:name
		ADDED from src\main\AndroidManifest.xml:289:13-94
activity#com.example.funsdkdemo.devices.ActivityGuideDeviceSystemInfo
ADDED from src\main\AndroidManifest.xml:296:9-303:20
	android:screenOrientation
		ADDED from src\main\AndroidManifest.xml:298:13-49
	android:name
		ADDED from src\main\AndroidManifest.xml:297:13-88
activity#com.example.funsdkdemo.devices.ActivityGuideDeviceSystemFunction
ADDED from src\main\AndroidManifest.xml:304:9-311:20
	android:screenOrientation
		ADDED from src\main\AndroidManifest.xml:306:13-49
	android:name
		ADDED from src\main\AndroidManifest.xml:305:13-92
activity#com.example.funsdkdemo.ActivityGuideMedia
ADDED from src\main\AndroidManifest.xml:312:9-318:20
	android:name
		ADDED from src\main\AndroidManifest.xml:313:13-69
activity#com.example.funsdkdemo.ActivityGuideTranscode
ADDED from src\main\AndroidManifest.xml:319:9-325:20
	android:name
		ADDED from src\main\AndroidManifest.xml:320:13-73
activity#com.example.funsdkdemo.ActivityAbout
ADDED from src\main\AndroidManifest.xml:326:9-331:20
	android:name
		ADDED from src\main\AndroidManifest.xml:327:13-64
activity#com.example.funsdkdemo.ActivityGuideUserInfo
ADDED from src\main\AndroidManifest.xml:332:9-336:20
	android:name
		ADDED from src\main\AndroidManifest.xml:332:19-78
activity#com.example.funsdkdemo.ActivityGuideUserForgetPassw
ADDED from src\main\AndroidManifest.xml:337:9-65
	android:name
		ADDED from src\main\AndroidManifest.xml:337:19-63
activity#com.example.funsdkdemo.devices.ActivityGuideDeviceNormalPic
ADDED from src\main\AndroidManifest.xml:338:9-73
	android:name
		ADDED from src\main\AndroidManifest.xml:338:19-71
activity#com.example.funsdkdemo.devices.ActivityGuideDevicePicBrowser
ADDED from src\main\AndroidManifest.xml:339:9-74
	android:name
		ADDED from src\main\AndroidManifest.xml:339:19-72
activity#com.example.funsdkdemo.devices.ActivityGuideDeviceSportPicList
ADDED from src\main\AndroidManifest.xml:340:9-76
	android:name
		ADDED from src\main\AndroidManifest.xml:340:19-74
activity#com.example.funsdkdemo.devices.ActivityGuideDeviceRecordList
ADDED from src\main\AndroidManifest.xml:341:9-343:20
	android:screenOrientation
		ADDED from src\main\AndroidManifest.xml:342:13-49
	android:name
		ADDED from src\main\AndroidManifest.xml:341:19-72
activity#com.zbar.lib.CaptureActivity
ADDED from src\main\AndroidManifest.xml:345:9-347:20
	android:screenOrientation
		ADDED from src\main\AndroidManifest.xml:346:13-49
	android:name
		ADDED from src\main\AndroidManifest.xml:345:19-62
activity#com.example.funsdkdemo.devices.ActivityGuideDevicesSocketSetTask
ADDED from src\main\AndroidManifest.xml:348:9-349:20
	android:name
		ADDED from src\main\AndroidManifest.xml:348:19-98
activity#com.example.funsdkdemo.devices.ActivityGuideDeviceSocketSetting
ADDED from src\main\AndroidManifest.xml:350:9-109
	android:name
		ADDED from src\main\AndroidManifest.xml:350:19-97
activity#com.example.funsdkdemo.devices.ActivityGuideDevicesSocketAboutWork
ADDED from src\main\AndroidManifest.xml:351:2-105
	android:name
		ADDED from src\main\AndroidManifest.xml:351:12-93
activity#com.example.funsdkdemo.devices.ActivityGuideDevicesSettingStatusLed
ADDED from src\main\AndroidManifest.xml:352:2-106
	android:name
		ADDED from src\main\AndroidManifest.xml:352:12-94
activity#com.example.funsdkdemo.devices.ActivityGuideDevicesSocketSensitiveSetting
ADDED from src\main\AndroidManifest.xml:353:9-119
	android:name
		ADDED from src\main\AndroidManifest.xml:353:19-107
service#com.example.funsdkdemo.ServiceGuidePushAlarmNotification
ADDED from src\main\AndroidManifest.xml:354:9-360:19
	android:name
		ADDED from src\main\AndroidManifest.xml:354:18-89
intent-filter#android.intent.action.MAIN+com.example.funsdkdemo.ServiceGuidePushAlarmNotification
ADDED from src\main\AndroidManifest.xml:355:13-359:29
action#com.example.funsdkdemo.ServiceGuidePushAlarmNotification
ADDED from src\main\AndroidManifest.xml:356:17-357:26
	android:name
		ADDED from src\main\AndroidManifest.xml:356:25-96
service#com.example.funsdkdemo.ServiceGuideLanAlarmNotification
ADDED from src\main\AndroidManifest.xml:362:9-368:19
	android:name
		ADDED from src\main\AndroidManifest.xml:362:18-88
intent-filter#android.intent.action.MAIN+com.example.funsdkdemo.ServiceGuideLanAlarmNotification
ADDED from src\main\AndroidManifest.xml:363:13-367:29
action#com.example.funsdkdemo.ServiceGuideLanAlarmNotification
ADDED from src\main\AndroidManifest.xml:364:17-365:26
	android:name
		ADDED from src\main\AndroidManifest.xml:364:25-95